<?xml version="1.0" encoding="UTF-8"?>
<!-- Generated by org.testng.reporters.JUnitXMLReporter -->
<testsuite ignored="0" hostname="DESKTOP-032RF4C" failures="0" tests="4" name="Default test" time="21.14" errors="0" timestamp="2022-06-09T14:16:35 PDT">
  <testcase classname="com.test.TekarchAPITests" name="createUsers" time="5.231"/>
  <testcase classname="com.test.TekarchAPITests" name="getUsers" time="7.574"/>
  <testcase classname="com.test.TekarchAPITests" name="updateUsers" time="5.215"/>
  <testcase classname="com.test.TekarchAPITests" name="deleteUsers" time="3.046"/>
</testsuite> <!-- Default test -->
